Running: C:\Xilinx\14.7\ISE_DS\ISE\bin\nt64\unwrapped\fuse.exe -intstyle ise -incremental -lib unisims_ver -lib unimacro_ver -lib xilinxcorelib_ver -o C:/Xilinx/lab_3part4/schema_schema_sch_tb_isim_beh.exe -prj C:/Xilinx/lab_3part4/schema_schema_sch_tb_beh.prj work.schema_schema_sch_tb work.glbl 
ISim P.20131013 (signature 0x7708f090)
Number of CPUs detected in this system: 4
Turning on mult-threading, number of parallel sub-compilation jobs: 8 
Determining compilation order of HDL files
Analyzing Verilog file "C:/Xilinx/lab_3part4/schema.vf" into library work
Analyzing Verilog file "C:/Xilinx/lab_3part4/feat.v" into library work
Analyzing Verilog file "C:/Xilinx/14.7/ISE_DS/ISE//verilog/src/glbl.v" into library work
Starting static elaboration
Completed static elaboration
Compiling module AND2
Compiling module OR2
Compiling module INV
Compiling module schema
Compiling module schema_schema_sch_tb
Compiling module glbl
Time Resolution for simulation is 1ps.
Waiting for 1 sub-compilation(s) to finish...
Compiled 6 Verilog Units
Built simulation executable C:/Xilinx/lab_3part4/schema_schema_sch_tb_isim_beh.exe
Fuse Memory Usage: 27928 KB
Fuse CPU Usage: 515 ms
