Running: fuse.exe -relaunch -intstyle "ise" -incremental -lib "unisims_ver" -lib "unimacro_ver" -lib "xilinxcorelib_ver" -o "C:/Xilinx/Lab1/mpokora/funkcja1_funkcja1_sch_tb_isim_beh.exe" -prj "C:/Xilinx/Lab1/mpokora/funkcja1_funkcja1_sch_tb_beh.prj" "work.funkcja1_funkcja1_sch_tb" "work.glbl" 
ISim P.20131013 (signature 0x7708f090)
Number of CPUs detected in this system: 4
Turning on mult-threading, number of parallel sub-compilation jobs: 8 
Determining compilation order of HDL files
Analyzing Verilog file "C:/Xilinx/Lab1/mpokora/funkcja1.vf" into library work
Analyzing Verilog file "C:/Xilinx/Lab1/mpokora/funkcja1_tb.v" into library work
Analyzing Verilog file "C:/Xilinx/14.7/ISE_DS/ISE//verilog/src/glbl.v" into library work
Starting static elaboration
Completed static elaboration
Compiling module AND2
Compiling module OR2
Compiling module funkcja1
Compiling module funkcja1_funkcja1_sch_tb
Compiling module glbl
Time Resolution for simulation is 1ps.
Compiled 5 Verilog Units
Built simulation executable C:/Xilinx/Lab1/mpokora/funkcja1_funkcja1_sch_tb_isim_beh.exe
Fuse Memory Usage: 27220 KB
Fuse CPU Usage: 468 ms
